Using pre-set license
Built from '2021.3/staging' branch; Version is '2021.3.16f1 (4016570cf34f) revision 4200023'; Using compiler version '192829333'; Build Type 'Release'
OS: 'Windows 10  (10.0.19041) 64bit Professional' Language: 'ru' Physical Memory: 32680 MB
BatchMode: 1, IsHumanControllingUs: 0, StartBugReporterOnCrash: 0, Is64bit: 1, IsPro: 1

COMMAND LINE ARGUMENTS:
C:\Program Files\Unity\Hub\Editor\2021.3.16f1\Editor\Unity.exe
-adb2
-batchMode
-noUpm
-name
AssetImportWorker3
-projectPath
F:/UnityProjects/Lesson8_MainMenu
-logFile
Logs/AssetImportWorker3.log
-srvPort
60719
Successfully changed project path to: F:/UnityProjects/Lesson8_MainMenu
F:/UnityProjects/Lesson8_MainMenu
[UnityMemory] Configuration Parameters - Can be set up in boot.config
    "memorysetup-bucket-allocator-granularity=16"
    "memorysetup-bucket-allocator-bucket-count=8"
    "memorysetup-bucket-allocator-block-size=33554432"
    "memorysetup-bucket-allocator-block-count=8"
    "memorysetup-main-allocator-block-size=16777216"
    "memorysetup-thread-allocator-block-size=16777216"
    "memorysetup-gfx-main-allocator-block-size=16777216"
    "memorysetup-gfx-thread-allocator-block-size=16777216"
    "memorysetup-cache-allocator-block-size=4194304"
    "memorysetup-typetree-allocator-block-size=2097152"
    "memorysetup-profiler-bucket-allocator-granularity=16"
    "memorysetup-profiler-bucket-allocator-bucket-count=8"
    "memorysetup-profiler-bucket-allocator-block-size=33554432"
    "memorysetup-profiler-bucket-allocator-block-count=8"
    "memorysetup-profiler-allocator-block-size=16777216"
    "memorysetup-profiler-editor-allocator-block-size=1048576"
    "memorysetup-temp-allocator-size-main=16777216"
    "memorysetup-job-temp-allocator-block-size=2097152"
    "memorysetup-job-temp-allocator-block-size-background=1048576"
    "memorysetup-job-temp-allocator-reduction-small-platforms=262144"
    "memorysetup-temp-allocator-size-background-worker=32768"
    "memorysetup-temp-allocator-size-job-worker=262144"
    "memorysetup-temp-allocator-size-preload-manager=33554432"
    "memorysetup-temp-allocator-size-nav-mesh-worker=65536"
    "memorysetup-temp-allocator-size-audio-worker=65536"
    "memorysetup-temp-allocator-size-cloud-worker=32768"
    "memorysetup-temp-allocator-size-gi-baking-worker=262144"
    "memorysetup-temp-allocator-size-gfx=262144"
Player connection [19344] Host "[IP] 192.168.88.229 [Port] 0 [Flags] 2 [Guid] 3268399889 [EditorId] 3268399889 [Version] 1048832 [Id] WindowsEditor(7,IT-333) [Debug] 1 [PackageName] WindowsEditor [ProjectName] Editor" joined multi-casting on [225.0.0.222:54997]...

Player connection [19344] Host "[IP] 192.168.88.229 [Port] 0 [Flags] 2 [Guid] 3268399889 [EditorId] 3268399889 [Version] 1048832 [Id] WindowsEditor(7,IT-333) [Debug] 1 [PackageName] WindowsEditor [ProjectName] Editor" joined alternative multi-casting on [225.0.0.222:34997]...

Refreshing native plugins compatible for Editor in 80.64 ms, found 4 plugins.
Preloading 0 native plugins for Editor in 0.00 ms.
Initialize engine version: 2021.3.16f1 (4016570cf34f)
[Subsystems] Discovering subsystems at path C:/Program Files/Unity/Hub/Editor/2021.3.16f1/Editor/Data/Resources/UnitySubsystems
[Subsystems] Discovering subsystems at path F:/UnityProjects/Lesson8_MainMenu/Assets
GfxDevice: creating device client; threaded=0; jobified=0
Direct3D:
    Version:  Direct3D 11.0 [level 11.1]
    Renderer: NVIDIA GeForce GTX 1060 3GB (ID=0x1c02)
    Vendor:   NVIDIA
    VRAM:     2988 MB
    Driver:   27.21.14.6627
Initialize mono
Mono path[0] = 'C:/Program Files/Unity/Hub/Editor/2021.3.16f1/Editor/Data/Managed'
Mono path[1] = 'C:/Program Files/Unity/Hub/Editor/2021.3.16f1/Editor/Data/MonoBleedingEdge/lib/mono/unityjit-win32'
Mono config path = 'C:/Program Files/Unity/Hub/Editor/2021.3.16f1/Editor/Data/MonoBleedingEdge/etc'
Using monoOptions --debugger-agent=transport=dt_socket,embedding=1,server=y,suspend=n,address=127.0.0.1:56336
Begin MonoManager ReloadAssembly
Registering precompiled unity dll's ...
Register platform support module: C:/Program Files/Unity/Hub/Editor/2021.3.16f1/Editor/Data/PlaybackEngines/AndroidPlayer/UnityEditor.Android.Extensions.dll
Register platform support module: C:/Program Files/Unity/Hub/Editor/2021.3.16f1/Editor/Data/PlaybackEngines/WindowsStandaloneSupport/UnityEditor.WindowsStandalone.Extensions.dll
Registered in 0.006634 seconds.
Native extension for WindowsStandalone target not found
Native extension for Android target not found
Refreshing native plugins compatible for Editor in 76.79 ms, found 4 plugins.
Preloading 0 native plugins for Editor in 0.00 ms.
Mono: successfully reloaded assembly
- Completed reload, in  0.543 seconds
Domain Reload Profiling:
	ReloadAssembly (543ms)
		BeginReloadAssembly (56ms)
			ExecutionOrderSort (0ms)
			DisableScriptedObjects (0ms)
			BackupInstance (0ms)
			ReleaseScriptingObjects (0ms)
			CreateAndSetChildDomain (1ms)
		EndReloadAssembly (394ms)
			LoadAssemblies (55ms)
			RebuildTransferFunctionScriptingTraits (0ms)
			SetupTypeCache (87ms)
			ReleaseScriptCaches (0ms)
			RebuildScriptCaches (24ms)
			SetupLoadedEditorAssemblies (241ms)
				LogAssemblyErrors (0ms)
				InitializePlatformSupportModulesInManaged (44ms)
				SetLoadedEditorAssemblies (0ms)
				RefreshPlugins (77ms)
				BeforeProcessingInitializeOnLoad (1ms)
				ProcessInitializeOnLoadAttributes (83ms)
				ProcessInitializeOnLoadMethodAttributes (37ms)
				AfterProcessingInitializeOnLoad (0ms)
				EditorAssembliesLoaded (0ms)
			ExecutionOrderSort2 (0ms)
			AwakeInstancesAfterBackupRestoration (0ms)
Platform modules already initialized, skipping
Registering precompiled user dll's ...
Registered in 0.003744 seconds.
Android Extension - Scanning For ADB Devices 615 ms
Begin MonoManager ReloadAssembly
Symbol file LoadedFromMemory doesn't match image F:\UnityProjects\Lesson8_MainMenu\Library\PackageCache\com.unity.visualscripting@1.7.8\Editor\VisualScripting.Core\Dependencies\YamlDotNet\Unity.VisualScripting.YamlDotNet.dll
Symbol file LoadedFromMemory doesn't match image F:\UnityProjects\Lesson8_MainMenu\Library\PackageCache\com.unity.visualscripting@1.7.8\Editor\VisualScripting.Core\Dependencies\DotNetZip\Unity.VisualScripting.IonicZip.dll
Native extension for WindowsStandalone target not found
Native extension for Android target not found
Refreshing native plugins compatible for Editor in 75.19 ms, found 4 plugins.
Preloading 0 native plugins for Editor in 0.00 ms.
Mono: successfully reloaded assembly
- Completed reload, in  0.936 seconds
Domain Reload Profiling:
	ReloadAssembly (937ms)
		BeginReloadAssembly (85ms)
			ExecutionOrderSort (0ms)
			DisableScriptedObjects (5ms)
			BackupInstance (0ms)
			ReleaseScriptingObjects (0ms)
			CreateAndSetChildDomain (16ms)
		EndReloadAssembly (761ms)
			LoadAssemblies (61ms)
			RebuildTransferFunctionScriptingTraits (0ms)
			SetupTypeCache (198ms)
			ReleaseScriptCaches (1ms)
			RebuildScriptCaches (50ms)
			SetupLoadedEditorAssemblies (411ms)
				LogAssemblyErrors (0ms)
				InitializePlatformSupportModulesInManaged (11ms)
				SetLoadedEditorAssemblies (0ms)
				RefreshPlugins (75ms)
				BeforeProcessingInitializeOnLoad (85ms)
				ProcessInitializeOnLoadAttributes (200ms)
				ProcessInitializeOnLoadMethodAttributes (34ms)
				AfterProcessingInitializeOnLoad (5ms)
				EditorAssembliesLoaded (0ms)
			ExecutionOrderSort2 (0ms)
			AwakeInstancesAfterBackupRestoration (4ms)
Platform modules already initialized, skipping
========================================================================
Worker process is ready to serve import requests
Launched and connected shader compiler UnityShaderCompiler.exe after 0.03 seconds
Refreshing native plugins compatible for Editor in 0.61 ms, found 4 plugins.
Preloading 0 native plugins for Editor in 0.00 ms.
Unloading 4058 Unused Serialized files (Serialized files now loaded: 0)
Unloading 44 unused Assets / (228.9 KB). Loaded Objects now: 4510.
Memory consumption went from 153.1 MB to 152.9 MB.
Total: 3.242800 ms (FindLiveObjects: 0.261800 ms CreateObjectMapping: 0.219200 ms MarkObjects: 2.638300 ms  DeleteObjects: 0.122900 ms)

AssetImportParameters requested are different than current active one (requested -> active):
  custom:video-decoder-ogg-theora: a1e56fd34408186e4bbccfd4996cb3dc -> 
  custom:container-muxer-webm: aa71ff27fc2769a1b78a27578f13a17b -> 
  custom:container-demuxer-webm: 4f35f7cbe854078d1ac9338744f61a02 -> 
  custom:video-encoder-webm-vp8: eb34c28f22e8b96e1ab97ce403110664 -> 
  custom:audio-encoder-webm-vorbis: bf7c407c2cedff20999df2af8eb42d56 -> 
  custom:framework-win-MediaFoundation: 216162199b28c13a410421893ffa2e32 -> 
  custom:container-demuxer-ogg: 62fdf1f143b41e24485cea50d1cbac27 -> 
  custom:video-decoder-webm-vp8: 9c59270c3fd7afecdb556c50c9e8de78 -> 
  custom:audio-decoder-ogg-vorbis: bf7c407c2cedff20999df2af8eb42d56 -> 
========================================================================
Received Import Request.
  Time since last request: 14894.393334 seconds.
  path: Assets/OtherAssets/RPG&Fantasy Mobile GUI/titles/title_04.png
  artifactKey: Guid(b4840b0eb55ad9db9bd697510780430d) Importer(815301076,1909f56bfc062723c751e8b465ee728b)
Start importing Assets/OtherAssets/RPG&Fantasy Mobile GUI/titles/title_04.png using Guid(b4840b0eb55ad9db9bd697510780430d) Importer(815301076,1909f56bfc062723c751e8b465ee728b)  -> (artifact id: '8eba505acf4c5624f46f4da32b223619') in 0.091151 seconds 
========================================================================
Received Import Request.
  Time since last request: 0.000018 seconds.
  path: Assets/OtherAssets/RPG&Fantasy Mobile GUI/titles/title_13.png
  artifactKey: Guid(a2639745f31ad3e028306edd7ed885fe) Importer(815301076,1909f56bfc062723c751e8b465ee728b)
Start importing Assets/OtherAssets/RPG&Fantasy Mobile GUI/titles/title_13.png using Guid(a2639745f31ad3e028306edd7ed885fe) Importer(815301076,1909f56bfc062723c751e8b465ee728b)  -> (artifact id: '7afa00526f362e7b2da98e9439cbbdf4') in 0.013894 seconds 
========================================================================
Received Import Request.
  Time since last request: 0.000025 seconds.
  path: Assets/OtherAssets/RPG&Fantasy Mobile GUI/titles/title_18.png
  artifactKey: Guid(4779d8937e1464a72ba2ecc3f3deaffe) Importer(815301076,1909f56bfc062723c751e8b465ee728b)
Start importing Assets/OtherAssets/RPG&Fantasy Mobile GUI/titles/title_18.png using Guid(4779d8937e1464a72ba2ecc3f3deaffe) Importer(815301076,1909f56bfc062723c751e8b465ee728b)  -> (artifact id: '80c3a39d117efe3d48763da842541cf1') in 0.012552 seconds 
========================================================================
Received Import Request.
  Time since last request: 0.453198 seconds.
  path: Assets/OtherAssets/RPG&Fantasy Mobile GUI/panels/panel_04.png
  artifactKey: Guid(b0ffc6713ee23ddb08aa2a5e01776f72) Importer(815301076,1909f56bfc062723c751e8b465ee728b)
Start importing Assets/OtherAssets/RPG&Fantasy Mobile GUI/panels/panel_04.png using Guid(b0ffc6713ee23ddb08aa2a5e01776f72) Importer(815301076,1909f56bfc062723c751e8b465ee728b)  -> (artifact id: 'f9406bbcc41554e2ccafaac3926cdce0') in 0.026460 seconds 
========================================================================
Received Import Request.
  Time since last request: 0.000017 seconds.
  path: Assets/OtherAssets/RPG&Fantasy Mobile GUI/panels/panel_05.png
  artifactKey: Guid(24042175578d2937dac8293887528471) Importer(815301076,1909f56bfc062723c751e8b465ee728b)
Start importing Assets/OtherAssets/RPG&Fantasy Mobile GUI/panels/panel_05.png using Guid(24042175578d2937dac8293887528471) Importer(815301076,1909f56bfc062723c751e8b465ee728b)  -> (artifact id: 'f5f53c03e638cfbd10bfd468df5d28e0') in 0.017264 seconds 
========================================================================
Received Import Request.
  Time since last request: 0.000014 seconds.
  path: Assets/OtherAssets/RPG&Fantasy Mobile GUI/panels/panel_08.png
  artifactKey: Guid(8449424130366669394c047eb2dda9ff) Importer(815301076,1909f56bfc062723c751e8b465ee728b)
Start importing Assets/OtherAssets/RPG&Fantasy Mobile GUI/panels/panel_08.png using Guid(8449424130366669394c047eb2dda9ff) Importer(815301076,1909f56bfc062723c751e8b465ee728b)  -> (artifact id: '11ae91d22963c8c6ed58a11830082eaf') in 0.009622 seconds 
========================================================================
Received Import Request.
  Time since last request: 0.652549 seconds.
  path: Assets/OtherAssets/RPG&Fantasy Mobile GUI/panel_elements/box_slider_fill_03.png
  artifactKey: Guid(5a705e24ae27e829691c7306cefbbf87) Importer(815301076,1909f56bfc062723c751e8b465ee728b)
Start importing Assets/OtherAssets/RPG&Fantasy Mobile GUI/panel_elements/box_slider_fill_03.png using Guid(5a705e24ae27e829691c7306cefbbf87) Importer(815301076,1909f56bfc062723c751e8b465ee728b)  -> (artifact id: '6904d20a74bd52d7bbb469ddb41576f0') in 0.011525 seconds 
========================================================================
Received Import Request.
  Time since last request: 0.000013 seconds.
  path: Assets/OtherAssets/RPG&Fantasy Mobile GUI/panel_elements/item_sword.png
  artifactKey: Guid(df03211313565c20ab3d04f51bea5707) Importer(815301076,1909f56bfc062723c751e8b465ee728b)
Start importing Assets/OtherAssets/RPG&Fantasy Mobile GUI/panel_elements/item_sword.png using Guid(df03211313565c20ab3d04f51bea5707) Importer(815301076,1909f56bfc062723c751e8b465ee728b)  -> (artifact id: '839690f88acc973c822682aa5d3400d2') in 0.018641 seconds 
========================================================================
Received Import Request.
  Time since last request: 0.000014 seconds.
  path: Assets/OtherAssets/RPG&Fantasy Mobile GUI/panel_elements/panel_element_18.png
  artifactKey: Guid(656872f2976e04d1cb389a9303fe6b78) Importer(815301076,1909f56bfc062723c751e8b465ee728b)
Start importing Assets/OtherAssets/RPG&Fantasy Mobile GUI/panel_elements/panel_element_18.png using Guid(656872f2976e04d1cb389a9303fe6b78) Importer(815301076,1909f56bfc062723c751e8b465ee728b)  -> (artifact id: '35294a63345aa22c2c01903775249705') in 0.010780 seconds 
========================================================================
Received Import Request.
  Time since last request: 0.000020 seconds.
  path: Assets/OtherAssets/RPG&Fantasy Mobile GUI/panel_elements/curved_slider.png
  artifactKey: Guid(e99166f435b24d233bc3c384827af08c) Importer(815301076,1909f56bfc062723c751e8b465ee728b)
Start importing Assets/OtherAssets/RPG&Fantasy Mobile GUI/panel_elements/curved_slider.png using Guid(e99166f435b24d233bc3c384827af08c) Importer(815301076,1909f56bfc062723c751e8b465ee728b)  -> (artifact id: 'b07a73a5884eff1d806dc43e6ac1fef4') in 0.011875 seconds 
========================================================================
Received Import Request.
  Time since last request: 0.000014 seconds.
  path: Assets/OtherAssets/RPG&Fantasy Mobile GUI/panel_elements/panel_element_48.png
  artifactKey: Guid(a9c459c99a85aad8d9c5cac7245aaf70) Importer(815301076,1909f56bfc062723c751e8b465ee728b)
Start importing Assets/OtherAssets/RPG&Fantasy Mobile GUI/panel_elements/panel_element_48.png using Guid(a9c459c99a85aad8d9c5cac7245aaf70) Importer(815301076,1909f56bfc062723c751e8b465ee728b)  -> (artifact id: 'a58bf26ea0ab1229d298369a3f6a8c84') in 0.010653 seconds 
========================================================================
Received Import Request.
  Time since last request: 0.000014 seconds.
  path: Assets/OtherAssets/RPG&Fantasy Mobile GUI/panel_elements/g8840.png
  artifactKey: Guid(5018cb8231e21160db165deace3b124c) Importer(815301076,1909f56bfc062723c751e8b465ee728b)
Start importing Assets/OtherAssets/RPG&Fantasy Mobile GUI/panel_elements/g8840.png using Guid(5018cb8231e21160db165deace3b124c) Importer(815301076,1909f56bfc062723c751e8b465ee728b)  -> (artifact id: 'd0e1b065069b6a09feba4abe4bef3307') in 0.012205 seconds 
========================================================================
Received Import Request.
  Time since last request: 0.000014 seconds.
  path: Assets/OtherAssets/RPG&Fantasy Mobile GUI/panel_elements/item_potion.png
  artifactKey: Guid(c4b172aa0cfb6cc709000d5dff96bb84) Importer(815301076,1909f56bfc062723c751e8b465ee728b)
Start importing Assets/OtherAssets/RPG&Fantasy Mobile GUI/panel_elements/item_potion.png using Guid(c4b172aa0cfb6cc709000d5dff96bb84) Importer(815301076,1909f56bfc062723c751e8b465ee728b)  -> (artifact id: '67b4feaef11eb924468c25ebb184242f') in 0.014113 seconds 
========================================================================
Received Import Request.
  Time since last request: 0.000013 seconds.
  path: Assets/OtherAssets/RPG&Fantasy Mobile GUI/panel_elements/panel_element_45.png
  artifactKey: Guid(bb93d06002d88795ab32470918b1766c) Importer(815301076,1909f56bfc062723c751e8b465ee728b)
Start importing Assets/OtherAssets/RPG&Fantasy Mobile GUI/panel_elements/panel_element_45.png using Guid(bb93d06002d88795ab32470918b1766c) Importer(815301076,1909f56bfc062723c751e8b465ee728b)  -> (artifact id: 'f2ef141cde6e35b11d14148e5334ed2c') in 0.019659 seconds 
========================================================================
Received Import Request.
  Time since last request: 0.000015 seconds.
  path: Assets/OtherAssets/RPG&Fantasy Mobile GUI/panel_elements/panel_element_37.png
  artifactKey: Guid(98fdc5a3bea21e938abc70210a70b403) Importer(815301076,1909f56bfc062723c751e8b465ee728b)
Start importing Assets/OtherAssets/RPG&Fantasy Mobile GUI/panel_elements/panel_element_37.png using Guid(98fdc5a3bea21e938abc70210a70b403) Importer(815301076,1909f56bfc062723c751e8b465ee728b)  -> (artifact id: '19f9aa02679a65676a0d55e8e03d29d1') in 0.008524 seconds 
========================================================================
Received Import Request.
  Time since last request: 0.000022 seconds.
  path: Assets/OtherAssets/RPG&Fantasy Mobile GUI/panel_elements/panel_element_16.png
  artifactKey: Guid(2b78f585ee481d544ab53c70cdb8be8c) Importer(815301076,1909f56bfc062723c751e8b465ee728b)
Start importing Assets/OtherAssets/RPG&Fantasy Mobile GUI/panel_elements/panel_element_16.png using Guid(2b78f585ee481d544ab53c70cdb8be8c) Importer(815301076,1909f56bfc062723c751e8b465ee728b)  -> (artifact id: 'ead5e4893c6bbaf3b54f51a4c7c463c7') in 0.012568 seconds 
========================================================================
Received Import Request.
  Time since last request: 0.000017 seconds.
  path: Assets/OtherAssets/RPG&Fantasy Mobile GUI/panel_elements/panel_element_46.png
  artifactKey: Guid(71228c9a38ba44432853e15033d9b5bf) Importer(815301076,1909f56bfc062723c751e8b465ee728b)
Start importing Assets/OtherAssets/RPG&Fantasy Mobile GUI/panel_elements/panel_element_46.png using Guid(71228c9a38ba44432853e15033d9b5bf) Importer(815301076,1909f56bfc062723c751e8b465ee728b)  -> (artifact id: '0e4155086e039324f644510a455123a4') in 0.018458 seconds 
========================================================================
Received Import Request.
  Time since last request: 1.457738 seconds.
  path: Assets/OtherAssets/RPG&Fantasy Mobile GUI/icons/icon_04.png
  artifactKey: Guid(cdb460ec6513643a59cd51cdc20e1189) Importer(815301076,1909f56bfc062723c751e8b465ee728b)
Start importing Assets/OtherAssets/RPG&Fantasy Mobile GUI/icons/icon_04.png using Guid(cdb460ec6513643a59cd51cdc20e1189) Importer(815301076,1909f56bfc062723c751e8b465ee728b)  -> (artifact id: 'cc382c0c391bc1daba19fe109ecbbc48') in 0.007000 seconds 
========================================================================
Received Import Request.
  Time since last request: 0.000016 seconds.
  path: Assets/OtherAssets/RPG&Fantasy Mobile GUI/icons/icon_16.png
  artifactKey: Guid(a9d007bda3f468fc58ef3771fd2f139d) Importer(815301076,1909f56bfc062723c751e8b465ee728b)
Start importing Assets/OtherAssets/RPG&Fantasy Mobile GUI/icons/icon_16.png using Guid(a9d007bda3f468fc58ef3771fd2f139d) Importer(815301076,1909f56bfc062723c751e8b465ee728b)  -> (artifact id: '47903547a20ffdf10690755d32a6518b') in 0.007866 seconds 
========================================================================
Received Import Request.
  Time since last request: 0.000016 seconds.
  path: Assets/OtherAssets/RPG&Fantasy Mobile GUI/icons/icon_27.png
  artifactKey: Guid(506db31cb1a818daaa863b6c9d7d402b) Importer(815301076,1909f56bfc062723c751e8b465ee728b)
Start importing Assets/OtherAssets/RPG&Fantasy Mobile GUI/icons/icon_27.png using Guid(506db31cb1a818daaa863b6c9d7d402b) Importer(815301076,1909f56bfc062723c751e8b465ee728b)  -> (artifact id: 'fb4cf734ce7121ccc0910dc27f554413') in 0.008371 seconds 
========================================================================
Received Import Request.
  Time since last request: 0.000043 seconds.
  path: Assets/OtherAssets/RPG&Fantasy Mobile GUI/icons/icon_08.png
  artifactKey: Guid(0d8f2da5a61304e498bae321ed61efe4) Importer(815301076,1909f56bfc062723c751e8b465ee728b)
Start importing Assets/OtherAssets/RPG&Fantasy Mobile GUI/icons/icon_08.png using Guid(0d8f2da5a61304e498bae321ed61efe4) Importer(815301076,1909f56bfc062723c751e8b465ee728b)  -> (artifact id: '49246fc2185b1aa94ac265283908cd19') in 0.006923 seconds 
========================================================================
Received Import Request.
  Time since last request: 0.000022 seconds.
  path: Assets/OtherAssets/RPG&Fantasy Mobile GUI/icons/icon_32.png
  artifactKey: Guid(37fffb7c14ef47af58678c36e249ba35) Importer(815301076,1909f56bfc062723c751e8b465ee728b)
Start importing Assets/OtherAssets/RPG&Fantasy Mobile GUI/icons/icon_32.png using Guid(37fffb7c14ef47af58678c36e249ba35) Importer(815301076,1909f56bfc062723c751e8b465ee728b)  -> (artifact id: '3d6c4ff9bbcd150ce8db3043276a77f1') in 0.007166 seconds 
========================================================================
Received Import Request.
  Time since last request: 0.000018 seconds.
  path: Assets/OtherAssets/RPG&Fantasy Mobile GUI/icons/icon_33.png
  artifactKey: Guid(f4db7db6280cc063890e456181c01591) Importer(815301076,1909f56bfc062723c751e8b465ee728b)
Start importing Assets/OtherAssets/RPG&Fantasy Mobile GUI/icons/icon_33.png using Guid(f4db7db6280cc063890e456181c01591) Importer(815301076,1909f56bfc062723c751e8b465ee728b)  -> (artifact id: 'cab8d0a4992796f7c471f10a86ae2462') in 0.007934 seconds 
========================================================================
Received Import Request.
  Time since last request: 0.000018 seconds.
  path: Assets/OtherAssets/RPG&Fantasy Mobile GUI/icons/icon_11.png
  artifactKey: Guid(6210e6a50d301ded4acb8f2ef01d5e25) Importer(815301076,1909f56bfc062723c751e8b465ee728b)
Start importing Assets/OtherAssets/RPG&Fantasy Mobile GUI/icons/icon_11.png using Guid(6210e6a50d301ded4acb8f2ef01d5e25) Importer(815301076,1909f56bfc062723c751e8b465ee728b)  -> (artifact id: '0cad65297680f70c35418b31eae72fd1') in 0.009033 seconds 
========================================================================
Received Import Request.
  Time since last request: 0.000015 seconds.
  path: Assets/OtherAssets/RPG&Fantasy Mobile GUI/icons/icon_07.png
  artifactKey: Guid(a61b52614a463af0a916c2f337bb7416) Importer(815301076,1909f56bfc062723c751e8b465ee728b)
Start importing Assets/OtherAssets/RPG&Fantasy Mobile GUI/icons/icon_07.png using Guid(a61b52614a463af0a916c2f337bb7416) Importer(815301076,1909f56bfc062723c751e8b465ee728b)  -> (artifact id: '6fb458ee4174f57bc14fe9f8b2efdbc5') in 0.006364 seconds 
========================================================================
Received Import Request.
  Time since last request: 0.000017 seconds.
  path: Assets/OtherAssets/RPG&Fantasy Mobile GUI/icons/icon_09.png
  artifactKey: Guid(9a3772386c9c3acc8b3542b2428f2d59) Importer(815301076,1909f56bfc062723c751e8b465ee728b)
Start importing Assets/OtherAssets/RPG&Fantasy Mobile GUI/icons/icon_09.png using Guid(9a3772386c9c3acc8b3542b2428f2d59) Importer(815301076,1909f56bfc062723c751e8b465ee728b)  -> (artifact id: '22ef5260f1da1c740984a4ef423d5c0c') in 0.005864 seconds 
========================================================================
Received Import Request.
  Time since last request: 2.277043 seconds.
  path: Assets/OtherAssets/RPG&Fantasy Mobile GUI/ready_buttons/ready_button_04.png
  artifactKey: Guid(cc6f7cfb238c9e38680645e4631c5de3) Importer(815301076,1909f56bfc062723c751e8b465ee728b)
Start importing Assets/OtherAssets/RPG&Fantasy Mobile GUI/ready_buttons/ready_button_04.png using Guid(cc6f7cfb238c9e38680645e4631c5de3) Importer(815301076,1909f56bfc062723c751e8b465ee728b)  -> (artifact id: 'f788a5fb6301990d396f56000215d7e0') in 0.010985 seconds 
========================================================================
Received Import Request.
  Time since last request: 0.000012 seconds.
  path: Assets/OtherAssets/RPG&Fantasy Mobile GUI/ready_buttons/ready_button_pressed03.png
  artifactKey: Guid(48929ab23419637adb3091a75d0e5d6b) Importer(815301076,1909f56bfc062723c751e8b465ee728b)
Start importing Assets/OtherAssets/RPG&Fantasy Mobile GUI/ready_buttons/ready_button_pressed03.png using Guid(48929ab23419637adb3091a75d0e5d6b) Importer(815301076,1909f56bfc062723c751e8b465ee728b)  -> (artifact id: '0078658959ccc4d9f8e2d5838219a333') in 0.011936 seconds 
========================================================================
Received Import Request.
  Time since last request: 0.000021 seconds.
  path: Assets/OtherAssets/RPG&Fantasy Mobile GUI/ready_buttons/ready_button_pressed09.png
  artifactKey: Guid(13060315145f2ba3097697d4f58d7e2d) Importer(815301076,1909f56bfc062723c751e8b465ee728b)
Start importing Assets/OtherAssets/RPG&Fantasy Mobile GUI/ready_buttons/ready_button_pressed09.png using Guid(13060315145f2ba3097697d4f58d7e2d) Importer(815301076,1909f56bfc062723c751e8b465ee728b)  -> (artifact id: '409df0e97905dd1a199e8188aa86e9c0') in 0.008546 seconds 
========================================================================
Received Import Request.
  Time since last request: 0.000017 seconds.
  path: Assets/OtherAssets/RPG&Fantasy Mobile GUI/ready_buttons/ready_button_06.png
  artifactKey: Guid(f09c001913cac0ce8a6cdc4afc361491) Importer(815301076,1909f56bfc062723c751e8b465ee728b)
Start importing Assets/OtherAssets/RPG&Fantasy Mobile GUI/ready_buttons/ready_button_06.png using Guid(f09c001913cac0ce8a6cdc4afc361491) Importer(815301076,1909f56bfc062723c751e8b465ee728b)  -> (artifact id: 'cb753aa1d3b1aaa77b9be0c0bfa262de') in 0.008075 seconds 
========================================================================
Received Import Request.
  Time since last request: 0.000022 seconds.
  path: Assets/OtherAssets/RPG&Fantasy Mobile GUI/ready_buttons/ready_button_pressed10.png
  artifactKey: Guid(adb1400066ef1bda7af447b267f4db7c) Importer(815301076,1909f56bfc062723c751e8b465ee728b)
Start importing Assets/OtherAssets/RPG&Fantasy Mobile GUI/ready_buttons/ready_button_pressed10.png using Guid(adb1400066ef1bda7af447b267f4db7c) Importer(815301076,1909f56bfc062723c751e8b465ee728b)  -> (artifact id: 'd18d22e3df72ddc548c081f1109dbe4a') in 0.008554 seconds 
========================================================================
Received Import Request.
  Time since last request: 0.000014 seconds.
  path: Assets/OtherAssets/RPG&Fantasy Mobile GUI/ready_buttons/ready_button_pressed06.png
  artifactKey: Guid(e02f5dd6bbb153e86be6088cf2f1af41) Importer(815301076,1909f56bfc062723c751e8b465ee728b)
Start importing Assets/OtherAssets/RPG&Fantasy Mobile GUI/ready_buttons/ready_button_pressed06.png using Guid(e02f5dd6bbb153e86be6088cf2f1af41) Importer(815301076,1909f56bfc062723c751e8b465ee728b)  -> (artifact id: 'dc6350c5603a2723796b2b70bbe4d14b') in 0.008509 seconds 
Editor requested this worker to shutdown with reason: Scaling down because of idle timeout
AssetImportWorker is now disconnected from the server
Process exiting
Exiting without the bug reporter. Application will terminate with return code 0