Using pre-set license
Built from '2021.3/staging' branch; Version is '2021.3.16f1 (4016570cf34f) revision 4200023'; Using compiler version '192829333'; Build Type 'Release'
OS: 'Windows 10  (10.0.19041) 64bit Professional' Language: 'ru' Physical Memory: 32680 MB
BatchMode: 1, IsHumanControllingUs: 0, StartBugReporterOnCrash: 0, Is64bit: 1, IsPro: 1

COMMAND LINE ARGUMENTS:
C:\Program Files\Unity\Hub\Editor\2021.3.16f1\Editor\Unity.exe
-adb2
-batchMode
-noUpm
-name
AssetImportWorker2
-projectPath
F:/UnityProjects/Lesson8_MainMenu
-logFile
Logs/AssetImportWorker2.log
-srvPort
60719
Successfully changed project path to: F:/UnityProjects/Lesson8_MainMenu
F:/UnityProjects/Lesson8_MainMenu
[UnityMemory] Configuration Parameters - Can be set up in boot.config
    "memorysetup-bucket-allocator-granularity=16"
    "memorysetup-bucket-allocator-bucket-count=8"
    "memorysetup-bucket-allocator-block-size=33554432"
    "memorysetup-bucket-allocator-block-count=8"
    "memorysetup-main-allocator-block-size=16777216"
    "memorysetup-thread-allocator-block-size=16777216"
    "memorysetup-gfx-main-allocator-block-size=16777216"
    "memorysetup-gfx-thread-allocator-block-size=16777216"
    "memorysetup-cache-allocator-block-size=4194304"
    "memorysetup-typetree-allocator-block-size=2097152"
    "memorysetup-profiler-bucket-allocator-granularity=16"
    "memorysetup-profiler-bucket-allocator-bucket-count=8"
    "memorysetup-profiler-bucket-allocator-block-size=33554432"
    "memorysetup-profiler-bucket-allocator-block-count=8"
    "memorysetup-profiler-allocator-block-size=16777216"
    "memorysetup-profiler-editor-allocator-block-size=1048576"
    "memorysetup-temp-allocator-size-main=16777216"
    "memorysetup-job-temp-allocator-block-size=2097152"
    "memorysetup-job-temp-allocator-block-size-background=1048576"
    "memorysetup-job-temp-allocator-reduction-small-platforms=262144"
    "memorysetup-temp-allocator-size-background-worker=32768"
    "memorysetup-temp-allocator-size-job-worker=262144"
    "memorysetup-temp-allocator-size-preload-manager=33554432"
    "memorysetup-temp-allocator-size-nav-mesh-worker=65536"
    "memorysetup-temp-allocator-size-audio-worker=65536"
    "memorysetup-temp-allocator-size-cloud-worker=32768"
    "memorysetup-temp-allocator-size-gi-baking-worker=262144"
    "memorysetup-temp-allocator-size-gfx=262144"
Player connection [18072] Host "[IP] 192.168.88.229 [Port] 0 [Flags] 2 [Guid] 544262716 [EditorId] 544262716 [Version] 1048832 [Id] WindowsEditor(7,IT-333) [Debug] 1 [PackageName] WindowsEditor [ProjectName] Editor" joined multi-casting on [225.0.0.222:54997]...

Player connection [18072] Host "[IP] 192.168.88.229 [Port] 0 [Flags] 2 [Guid] 544262716 [EditorId] 544262716 [Version] 1048832 [Id] WindowsEditor(7,IT-333) [Debug] 1 [PackageName] WindowsEditor [ProjectName] Editor" joined alternative multi-casting on [225.0.0.222:34997]...

Refreshing native plugins compatible for Editor in 80.36 ms, found 4 plugins.
Preloading 0 native plugins for Editor in 0.00 ms.
Initialize engine version: 2021.3.16f1 (4016570cf34f)
[Subsystems] Discovering subsystems at path C:/Program Files/Unity/Hub/Editor/2021.3.16f1/Editor/Data/Resources/UnitySubsystems
[Subsystems] Discovering subsystems at path F:/UnityProjects/Lesson8_MainMenu/Assets
GfxDevice: creating device client; threaded=0; jobified=0
Direct3D:
    Version:  Direct3D 11.0 [level 11.1]
    Renderer: NVIDIA GeForce GTX 1060 3GB (ID=0x1c02)
    Vendor:   NVIDIA
    VRAM:     2988 MB
    Driver:   27.21.14.6627
Initialize mono
Mono path[0] = 'C:/Program Files/Unity/Hub/Editor/2021.3.16f1/Editor/Data/Managed'
Mono path[1] = 'C:/Program Files/Unity/Hub/Editor/2021.3.16f1/Editor/Data/MonoBleedingEdge/lib/mono/unityjit-win32'
Mono config path = 'C:/Program Files/Unity/Hub/Editor/2021.3.16f1/Editor/Data/MonoBleedingEdge/etc'
Using monoOptions --debugger-agent=transport=dt_socket,embedding=1,server=y,suspend=n,address=127.0.0.1:56180
Begin MonoManager ReloadAssembly
Registering precompiled unity dll's ...
Register platform support module: C:/Program Files/Unity/Hub/Editor/2021.3.16f1/Editor/Data/PlaybackEngines/AndroidPlayer/UnityEditor.Android.Extensions.dll
Register platform support module: C:/Program Files/Unity/Hub/Editor/2021.3.16f1/Editor/Data/PlaybackEngines/WindowsStandaloneSupport/UnityEditor.WindowsStandalone.Extensions.dll
Registered in 0.005401 seconds.
Native extension for WindowsStandalone target not found
Native extension for Android target not found
Refreshing native plugins compatible for Editor in 77.33 ms, found 4 plugins.
Preloading 0 native plugins for Editor in 0.00 ms.
Mono: successfully reloaded assembly
- Completed reload, in  0.558 seconds
Domain Reload Profiling:
	ReloadAssembly (558ms)
		BeginReloadAssembly (63ms)
			ExecutionOrderSort (0ms)
			DisableScriptedObjects (0ms)
			BackupInstance (0ms)
			ReleaseScriptingObjects (0ms)
			CreateAndSetChildDomain (1ms)
		EndReloadAssembly (401ms)
			LoadAssemblies (62ms)
			RebuildTransferFunctionScriptingTraits (0ms)
			SetupTypeCache (93ms)
			ReleaseScriptCaches (0ms)
			RebuildScriptCaches (25ms)
			SetupLoadedEditorAssemblies (243ms)
				LogAssemblyErrors (0ms)
				InitializePlatformSupportModulesInManaged (45ms)
				SetLoadedEditorAssemblies (0ms)
				RefreshPlugins (77ms)
				BeforeProcessingInitializeOnLoad (1ms)
				ProcessInitializeOnLoadAttributes (82ms)
				ProcessInitializeOnLoadMethodAttributes (37ms)
				AfterProcessingInitializeOnLoad (0ms)
				EditorAssembliesLoaded (0ms)
			ExecutionOrderSort2 (0ms)
			AwakeInstancesAfterBackupRestoration (0ms)
Platform modules already initialized, skipping
Registering precompiled user dll's ...
Registered in 0.003769 seconds.
Android Extension - Scanning For ADB Devices 619 ms
Begin MonoManager ReloadAssembly
Symbol file LoadedFromMemory doesn't match image F:\UnityProjects\Lesson8_MainMenu\Library\PackageCache\com.unity.visualscripting@1.7.8\Editor\VisualScripting.Core\Dependencies\YamlDotNet\Unity.VisualScripting.YamlDotNet.dll
Symbol file LoadedFromMemory doesn't match image F:\UnityProjects\Lesson8_MainMenu\Library\PackageCache\com.unity.visualscripting@1.7.8\Editor\VisualScripting.Core\Dependencies\DotNetZip\Unity.VisualScripting.IonicZip.dll
Native extension for WindowsStandalone target not found
Native extension for Android target not found
Refreshing native plugins compatible for Editor in 75.28 ms, found 4 plugins.
Preloading 0 native plugins for Editor in 0.00 ms.
Mono: successfully reloaded assembly
- Completed reload, in  0.939 seconds
Domain Reload Profiling:
	ReloadAssembly (940ms)
		BeginReloadAssembly (87ms)
			ExecutionOrderSort (0ms)
			DisableScriptedObjects (5ms)
			BackupInstance (0ms)
			ReleaseScriptingObjects (0ms)
			CreateAndSetChildDomain (16ms)
		EndReloadAssembly (761ms)
			LoadAssemblies (61ms)
			RebuildTransferFunctionScriptingTraits (0ms)
			SetupTypeCache (199ms)
			ReleaseScriptCaches (1ms)
			RebuildScriptCaches (51ms)
			SetupLoadedEditorAssemblies (409ms)
				LogAssemblyErrors (0ms)
				InitializePlatformSupportModulesInManaged (11ms)
				SetLoadedEditorAssemblies (0ms)
				RefreshPlugins (75ms)
				BeforeProcessingInitializeOnLoad (85ms)
				ProcessInitializeOnLoadAttributes (198ms)
				ProcessInitializeOnLoadMethodAttributes (34ms)
				AfterProcessingInitializeOnLoad (5ms)
				EditorAssembliesLoaded (0ms)
			ExecutionOrderSort2 (0ms)
			AwakeInstancesAfterBackupRestoration (4ms)
Platform modules already initialized, skipping
========================================================================
Worker process is ready to serve import requests
Launched and connected shader compiler UnityShaderCompiler.exe after 0.03 seconds
Refreshing native plugins compatible for Editor in 0.61 ms, found 4 plugins.
Preloading 0 native plugins for Editor in 0.00 ms.
Unloading 4058 Unused Serialized files (Serialized files now loaded: 0)
Unloading 44 unused Assets / (228.9 KB). Loaded Objects now: 4510.
Memory consumption went from 153.1 MB to 152.9 MB.
Total: 3.220200 ms (FindLiveObjects: 0.264900 ms CreateObjectMapping: 0.249800 ms MarkObjects: 2.579300 ms  DeleteObjects: 0.125600 ms)

AssetImportParameters requested are different than current active one (requested -> active):
  custom:video-decoder-ogg-theora: a1e56fd34408186e4bbccfd4996cb3dc -> 
  custom:container-muxer-webm: aa71ff27fc2769a1b78a27578f13a17b -> 
  custom:container-demuxer-webm: 4f35f7cbe854078d1ac9338744f61a02 -> 
  custom:video-encoder-webm-vp8: eb34c28f22e8b96e1ab97ce403110664 -> 
  custom:audio-encoder-webm-vorbis: bf7c407c2cedff20999df2af8eb42d56 -> 
  custom:framework-win-MediaFoundation: 216162199b28c13a410421893ffa2e32 -> 
  custom:container-demuxer-ogg: 62fdf1f143b41e24485cea50d1cbac27 -> 
  custom:video-decoder-webm-vp8: 9c59270c3fd7afecdb556c50c9e8de78 -> 
  custom:audio-decoder-ogg-vorbis: bf7c407c2cedff20999df2af8eb42d56 -> 
========================================================================
Received Import Request.
  Time since last request: 14876.558892 seconds.
  path: Assets/OtherAssets/RPG&Fantasy Mobile GUI/demo_Scenes/demo.unity
  artifactKey: Guid(c29b5273620b175b58bf9fed7934a1a4) Importer(815301076,1909f56bfc062723c751e8b465ee728b)
Start importing Assets/OtherAssets/RPG&Fantasy Mobile GUI/demo_Scenes/demo.unity using Guid(c29b5273620b175b58bf9fed7934a1a4) Importer(815301076,1909f56bfc062723c751e8b465ee728b)  -> (artifact id: '59d3f22af4378ed9a6d6a2c34d63cc3e') in 0.005019 seconds 
========================================================================
Received Import Request.
  Time since last request: 16.398980 seconds.
  path: Assets/Scenes/Menu.unity
  artifactKey: Guid(e51ee46b439e7344aaf8ae9919acb050) Importer(815301076,1909f56bfc062723c751e8b465ee728b)
Start importing Assets/Scenes/Menu.unity using Guid(e51ee46b439e7344aaf8ae9919acb050) Importer(815301076,1909f56bfc062723c751e8b465ee728b)  -> (artifact id: 'ab110a97d31ba34b974962090a664866') in 0.000579 seconds 
========================================================================
Received Import Request.
  Time since last request: 1.420986 seconds.
  path: Assets/OtherAssets/RPG&Fantasy Mobile GUI/titles/title_01.png
  artifactKey: Guid(307822c5a3ce7220bbb0f03527d10495) Importer(815301076,1909f56bfc062723c751e8b465ee728b)
Start importing Assets/OtherAssets/RPG&Fantasy Mobile GUI/titles/title_01.png using Guid(307822c5a3ce7220bbb0f03527d10495) Importer(815301076,1909f56bfc062723c751e8b465ee728b)  -> (artifact id: '6be47451f4d3341e71bd9ddb5fd28714') in 0.087297 seconds 
========================================================================
Received Import Request.
  Time since last request: 0.000016 seconds.
  path: Assets/OtherAssets/RPG&Fantasy Mobile GUI/titles/title_05.png
  artifactKey: Guid(d20f4a2bf5c2342eb838b8c322b7c8c4) Importer(815301076,1909f56bfc062723c751e8b465ee728b)
Start importing Assets/OtherAssets/RPG&Fantasy Mobile GUI/titles/title_05.png using Guid(d20f4a2bf5c2342eb838b8c322b7c8c4) Importer(815301076,1909f56bfc062723c751e8b465ee728b)  -> (artifact id: '8f59f48c462a0d93e7f3ac3d5b2c762a') in 0.023786 seconds 
========================================================================
Received Import Request.
  Time since last request: 0.000017 seconds.
  path: Assets/OtherAssets/RPG&Fantasy Mobile GUI/titles/title_15.png
  artifactKey: Guid(246e33c46cbb14f0ba9bbae25e81cf0c) Importer(815301076,1909f56bfc062723c751e8b465ee728b)
Start importing Assets/OtherAssets/RPG&Fantasy Mobile GUI/titles/title_15.png using Guid(246e33c46cbb14f0ba9bbae25e81cf0c) Importer(815301076,1909f56bfc062723c751e8b465ee728b)  -> (artifact id: 'c687b59656e41bb9d403bfdad2756a4b') in 0.017090 seconds 
========================================================================
Received Import Request.
  Time since last request: 0.444056 seconds.
  path: Assets/OtherAssets/RPG&Fantasy Mobile GUI/panels/panel_01.png
  artifactKey: Guid(ba5c9bd9ccbfd4277bf39ab07ff889b0) Importer(815301076,1909f56bfc062723c751e8b465ee728b)
Start importing Assets/OtherAssets/RPG&Fantasy Mobile GUI/panels/panel_01.png using Guid(ba5c9bd9ccbfd4277bf39ab07ff889b0) Importer(815301076,1909f56bfc062723c751e8b465ee728b)  -> (artifact id: 'be3444d147af88c1bafe0c4d59f79170') in 0.041077 seconds 
========================================================================
Received Import Request.
  Time since last request: 0.000012 seconds.
  path: Assets/OtherAssets/RPG&Fantasy Mobile GUI/panels/panel_06.png
  artifactKey: Guid(3876d92d5dc592739bb4bc02db9cef67) Importer(815301076,1909f56bfc062723c751e8b465ee728b)
Start importing Assets/OtherAssets/RPG&Fantasy Mobile GUI/panels/panel_06.png using Guid(3876d92d5dc592739bb4bc02db9cef67) Importer(815301076,1909f56bfc062723c751e8b465ee728b)  -> (artifact id: 'a35d120fc361e0825c5385afbcfe6a5c') in 0.015981 seconds 
========================================================================
Received Import Request.
  Time since last request: 0.655357 seconds.
  path: Assets/OtherAssets/RPG&Fantasy Mobile GUI/panel_elements/box_slider.png
  artifactKey: Guid(a9de040de46f589f7873100a0550cdd7) Importer(815301076,1909f56bfc062723c751e8b465ee728b)
Start importing Assets/OtherAssets/RPG&Fantasy Mobile GUI/panel_elements/box_slider.png using Guid(a9de040de46f589f7873100a0550cdd7) Importer(815301076,1909f56bfc062723c751e8b465ee728b)  -> (artifact id: 'ce52c6e607bc8d9bb0a6a8041181d7da') in 0.013432 seconds 
========================================================================
Received Import Request.
  Time since last request: 0.000011 seconds.
  path: Assets/OtherAssets/RPG&Fantasy Mobile GUI/panel_elements/panel_element_44.png
  artifactKey: Guid(a4ccf63c4cebcdab598c187ca1fbdbbb) Importer(815301076,1909f56bfc062723c751e8b465ee728b)
Start importing Assets/OtherAssets/RPG&Fantasy Mobile GUI/panel_elements/panel_element_44.png using Guid(a4ccf63c4cebcdab598c187ca1fbdbbb) Importer(815301076,1909f56bfc062723c751e8b465ee728b)  -> (artifact id: 'b2ea66e0d8b8c090229858f9c9a791e4') in 0.015835 seconds 
========================================================================
Received Import Request.
  Time since last request: 0.000017 seconds.
  path: Assets/OtherAssets/RPG&Fantasy Mobile GUI/panel_elements/panel_element_12.png
  artifactKey: Guid(e5dfad7b546d7c42a8fa7bd83bf64383) Importer(815301076,1909f56bfc062723c751e8b465ee728b)
Start importing Assets/OtherAssets/RPG&Fantasy Mobile GUI/panel_elements/panel_element_12.png using Guid(e5dfad7b546d7c42a8fa7bd83bf64383) Importer(815301076,1909f56bfc062723c751e8b465ee728b)  -> (artifact id: '999fc60ba8d83460abdf116ff76fa1cb') in 0.008858 seconds 
========================================================================
Received Import Request.
  Time since last request: 0.000015 seconds.
  path: Assets/OtherAssets/RPG&Fantasy Mobile GUI/panel_elements/curved_slider_fill_02.png
  artifactKey: Guid(bae253e873bbdb2bba9b9017ed2d350c) Importer(815301076,1909f56bfc062723c751e8b465ee728b)
Start importing Assets/OtherAssets/RPG&Fantasy Mobile GUI/panel_elements/curved_slider_fill_02.png using Guid(bae253e873bbdb2bba9b9017ed2d350c) Importer(815301076,1909f56bfc062723c751e8b465ee728b)  -> (artifact id: 'c6472dabdc675dd1bd1d9b05891e1564') in 0.010994 seconds 
========================================================================
Received Import Request.
  Time since last request: 0.000017 seconds.
  path: Assets/OtherAssets/RPG&Fantasy Mobile GUI/panel_elements/panel_element_17.png
  artifactKey: Guid(467ed2c6bf8e215a68b9318b372523c2) Importer(815301076,1909f56bfc062723c751e8b465ee728b)
Start importing Assets/OtherAssets/RPG&Fantasy Mobile GUI/panel_elements/panel_element_17.png using Guid(467ed2c6bf8e215a68b9318b372523c2) Importer(815301076,1909f56bfc062723c751e8b465ee728b)  -> (artifact id: '964e689198558afb25e3515387ecc9c4') in 0.009883 seconds 
========================================================================
Received Import Request.
  Time since last request: 0.000023 seconds.
  path: Assets/OtherAssets/RPG&Fantasy Mobile GUI/panel_elements/diamond.png
  artifactKey: Guid(b3c6183fe9e36727caeca845a5be92b9) Importer(815301076,1909f56bfc062723c751e8b465ee728b)
Start importing Assets/OtherAssets/RPG&Fantasy Mobile GUI/panel_elements/diamond.png using Guid(b3c6183fe9e36727caeca845a5be92b9) Importer(815301076,1909f56bfc062723c751e8b465ee728b)  -> (artifact id: '387e54ef0c7f9aad8b4f48d383a57211') in 0.012534 seconds 
========================================================================
Received Import Request.
  Time since last request: 0.000016 seconds.
  path: Assets/OtherAssets/RPG&Fantasy Mobile GUI/panel_elements/panel_element_32.png
  artifactKey: Guid(bf81b96a3ef7337e9a5624f1a7016e6f) Importer(815301076,1909f56bfc062723c751e8b465ee728b)
Start importing Assets/OtherAssets/RPG&Fantasy Mobile GUI/panel_elements/panel_element_32.png using Guid(bf81b96a3ef7337e9a5624f1a7016e6f) Importer(815301076,1909f56bfc062723c751e8b465ee728b)  -> (artifact id: '1f83eb8a6c28b505e2b0402472f4579d') in 0.009477 seconds 
========================================================================
Received Import Request.
  Time since last request: 0.000015 seconds.
  path: Assets/OtherAssets/RPG&Fantasy Mobile GUI/panel_elements/panel_element_07.png
  artifactKey: Guid(a0f74f823ced3e4b3a2ac3db3bfcbec9) Importer(815301076,1909f56bfc062723c751e8b465ee728b)
Start importing Assets/OtherAssets/RPG&Fantasy Mobile GUI/panel_elements/panel_element_07.png using Guid(a0f74f823ced3e4b3a2ac3db3bfcbec9) Importer(815301076,1909f56bfc062723c751e8b465ee728b)  -> (artifact id: '91ea43e6f135b1a8f50b883c6d990c3a') in 0.011593 seconds 
========================================================================
Received Import Request.
  Time since last request: 0.000017 seconds.
  path: Assets/OtherAssets/RPG&Fantasy Mobile GUI/panel_elements/panel_element_26.png
  artifactKey: Guid(7414584b0a86c8e8b8bc27d172de10dc) Importer(815301076,1909f56bfc062723c751e8b465ee728b)
Start importing Assets/OtherAssets/RPG&Fantasy Mobile GUI/panel_elements/panel_element_26.png using Guid(7414584b0a86c8e8b8bc27d172de10dc) Importer(815301076,1909f56bfc062723c751e8b465ee728b)  -> (artifact id: '0897bb519d3a60777deb5540c9508af4') in 0.013619 seconds 
========================================================================
Received Import Request.
  Time since last request: 0.000014 seconds.
  path: Assets/OtherAssets/RPG&Fantasy Mobile GUI/panel_elements/panel_element_34.png
  artifactKey: Guid(283e8429ae5e927c8a66dd48651e48c1) Importer(815301076,1909f56bfc062723c751e8b465ee728b)
Start importing Assets/OtherAssets/RPG&Fantasy Mobile GUI/panel_elements/panel_element_34.png using Guid(283e8429ae5e927c8a66dd48651e48c1) Importer(815301076,1909f56bfc062723c751e8b465ee728b)  -> (artifact id: 'f7cdcb07774c1da2a752b545731eae16') in 0.011123 seconds 
========================================================================
Received Import Request.
  Time since last request: 0.000018 seconds.
  path: Assets/OtherAssets/RPG&Fantasy Mobile GUI/panel_elements/item_book.png
  artifactKey: Guid(8fdbda3895f7e10cdb68de13f841ebfd) Importer(815301076,1909f56bfc062723c751e8b465ee728b)
Start importing Assets/OtherAssets/RPG&Fantasy Mobile GUI/panel_elements/item_book.png using Guid(8fdbda3895f7e10cdb68de13f841ebfd) Importer(815301076,1909f56bfc062723c751e8b465ee728b)  -> (artifact id: 'e04c2b7598597515ec9514ecdbb54a99') in 0.018307 seconds 
========================================================================
Received Import Request.
  Time since last request: 1.467063 seconds.
  path: Assets/OtherAssets/RPG&Fantasy Mobile GUI/icons/icon_01.png
  artifactKey: Guid(2f9f61cb81e90adb5b2b9c162133dd8e) Importer(815301076,1909f56bfc062723c751e8b465ee728b)
Start importing Assets/OtherAssets/RPG&Fantasy Mobile GUI/icons/icon_01.png using Guid(2f9f61cb81e90adb5b2b9c162133dd8e) Importer(815301076,1909f56bfc062723c751e8b465ee728b)  -> (artifact id: '6a1791f2e298eeafe267c847b948e2c4') in 0.007844 seconds 
========================================================================
Received Import Request.
  Time since last request: 0.000013 seconds.
  path: Assets/OtherAssets/RPG&Fantasy Mobile GUI/icons/icon_29.png
  artifactKey: Guid(21dce7deecec780ec90aeaee33947310) Importer(815301076,1909f56bfc062723c751e8b465ee728b)
Start importing Assets/OtherAssets/RPG&Fantasy Mobile GUI/icons/icon_29.png using Guid(21dce7deecec780ec90aeaee33947310) Importer(815301076,1909f56bfc062723c751e8b465ee728b)  -> (artifact id: 'bf7f5e9486b25a7dcf85644ca7e7608e') in 0.007550 seconds 
========================================================================
Received Import Request.
  Time since last request: 0.000014 seconds.
  path: Assets/OtherAssets/RPG&Fantasy Mobile GUI/icons/icon_17.png
  artifactKey: Guid(eb826728558547f78a60b77f2d5ba81a) Importer(815301076,1909f56bfc062723c751e8b465ee728b)
Start importing Assets/OtherAssets/RPG&Fantasy Mobile GUI/icons/icon_17.png using Guid(eb826728558547f78a60b77f2d5ba81a) Importer(815301076,1909f56bfc062723c751e8b465ee728b)  -> (artifact id: '84c6c7865b080aee8d9a7e9a417a80ca') in 0.006544 seconds 
========================================================================
Received Import Request.
  Time since last request: 0.000016 seconds.
  path: Assets/OtherAssets/RPG&Fantasy Mobile GUI/icons/icon_34.png
  artifactKey: Guid(8b7fabfcd1632ef9991570e2dc9a7afb) Importer(815301076,1909f56bfc062723c751e8b465ee728b)
Start importing Assets/OtherAssets/RPG&Fantasy Mobile GUI/icons/icon_34.png using Guid(8b7fabfcd1632ef9991570e2dc9a7afb) Importer(815301076,1909f56bfc062723c751e8b465ee728b)  -> (artifact id: 'b8aebf9417648b5863c0092252a7b7f2') in 0.007557 seconds 
========================================================================
Received Import Request.
  Time since last request: 0.000019 seconds.
  path: Assets/OtherAssets/RPG&Fantasy Mobile GUI/icons/icon_35.png
  artifactKey: Guid(6be88b7a28614692ea309fd3d5c229fb) Importer(815301076,1909f56bfc062723c751e8b465ee728b)
Start importing Assets/OtherAssets/RPG&Fantasy Mobile GUI/icons/icon_35.png using Guid(6be88b7a28614692ea309fd3d5c229fb) Importer(815301076,1909f56bfc062723c751e8b465ee728b)  -> (artifact id: '4345a50961b27074fd624dbade50f988') in 0.006255 seconds 
========================================================================
Received Import Request.
  Time since last request: 0.000018 seconds.
  path: Assets/OtherAssets/RPG&Fantasy Mobile GUI/icons/icon_18.png
  artifactKey: Guid(58a4a82917e11ef43ad128064c012549) Importer(815301076,1909f56bfc062723c751e8b465ee728b)
Start importing Assets/OtherAssets/RPG&Fantasy Mobile GUI/icons/icon_18.png using Guid(58a4a82917e11ef43ad128064c012549) Importer(815301076,1909f56bfc062723c751e8b465ee728b)  -> (artifact id: '0acb3325e5b03c3943d9179648c04677') in 0.007051 seconds 
========================================================================
Received Import Request.
  Time since last request: 0.000016 seconds.
  path: Assets/OtherAssets/RPG&Fantasy Mobile GUI/icons/icon_31.png
  artifactKey: Guid(1aaf70e2a2fbf0048b270ba1fe5cc76d) Importer(815301076,1909f56bfc062723c751e8b465ee728b)
Start importing Assets/OtherAssets/RPG&Fantasy Mobile GUI/icons/icon_31.png using Guid(1aaf70e2a2fbf0048b270ba1fe5cc76d) Importer(815301076,1909f56bfc062723c751e8b465ee728b)  -> (artifact id: 'fdd123348d83ffc512889d14fbbe7a33') in 0.008446 seconds 
========================================================================
Received Import Request.
  Time since last request: 0.000024 seconds.
  path: Assets/OtherAssets/RPG&Fantasy Mobile GUI/icons/icon_10.png
  artifactKey: Guid(c0b60dd298a7fefff994956f8ac9844f) Importer(815301076,1909f56bfc062723c751e8b465ee728b)
Start importing Assets/OtherAssets/RPG&Fantasy Mobile GUI/icons/icon_10.png using Guid(c0b60dd298a7fefff994956f8ac9844f) Importer(815301076,1909f56bfc062723c751e8b465ee728b)  -> (artifact id: 'cc1dcedc7c63c2191592170324938b02') in 0.008097 seconds 
========================================================================
Received Import Request.
  Time since last request: 0.000016 seconds.
  path: Assets/OtherAssets/RPG&Fantasy Mobile GUI/icons/icon_26.png
  artifactKey: Guid(189bccbfbaac3827fa6dced01cc65af5) Importer(815301076,1909f56bfc062723c751e8b465ee728b)
Start importing Assets/OtherAssets/RPG&Fantasy Mobile GUI/icons/icon_26.png using Guid(189bccbfbaac3827fa6dced01cc65af5) Importer(815301076,1909f56bfc062723c751e8b465ee728b)  -> (artifact id: '2c29e8a0e92d9d665b843afcb1bd277b') in 0.007706 seconds 
========================================================================
Received Import Request.
  Time since last request: 2.278783 seconds.
  path: Assets/OtherAssets/RPG&Fantasy Mobile GUI/ready_buttons/ready_button_01.png
  artifactKey: Guid(d61237fe6ec44405db593579022b214e) Importer(815301076,1909f56bfc062723c751e8b465ee728b)
Start importing Assets/OtherAssets/RPG&Fantasy Mobile GUI/ready_buttons/ready_button_01.png using Guid(d61237fe6ec44405db593579022b214e) Importer(815301076,1909f56bfc062723c751e8b465ee728b)  -> (artifact id: '733765dc68f0d7237dcc2915e1732694') in 0.011142 seconds 
========================================================================
Received Import Request.
  Time since last request: 0.000012 seconds.
  path: Assets/OtherAssets/RPG&Fantasy Mobile GUI/ready_buttons/ready_button_10.png
  artifactKey: Guid(c3d99a8c228dc8b30a1048f7019397d9) Importer(815301076,1909f56bfc062723c751e8b465ee728b)
Start importing Assets/OtherAssets/RPG&Fantasy Mobile GUI/ready_buttons/ready_button_10.png using Guid(c3d99a8c228dc8b30a1048f7019397d9) Importer(815301076,1909f56bfc062723c751e8b465ee728b)  -> (artifact id: '985ad53bcdcd13ea52fc9deaaafd8b5a') in 0.009879 seconds 
========================================================================
Received Import Request.
  Time since last request: 0.000013 seconds.
  path: Assets/OtherAssets/RPG&Fantasy Mobile GUI/ready_buttons/ready_button_pressed08.png
  artifactKey: Guid(3e238d7c0267858aea9577dc71f09775) Importer(815301076,1909f56bfc062723c751e8b465ee728b)
Start importing Assets/OtherAssets/RPG&Fantasy Mobile GUI/ready_buttons/ready_button_pressed08.png using Guid(3e238d7c0267858aea9577dc71f09775) Importer(815301076,1909f56bfc062723c751e8b465ee728b)  -> (artifact id: '8c07bab3bc0c75e62cf6c4bba4243fa4') in 0.008384 seconds 
========================================================================
Received Import Request.
  Time since last request: 0.000011 seconds.
  path: Assets/OtherAssets/RPG&Fantasy Mobile GUI/ready_buttons/ready_button_05.png
  artifactKey: Guid(6b1242eb816c14376aecafe9ef076be0) Importer(815301076,1909f56bfc062723c751e8b465ee728b)
Start importing Assets/OtherAssets/RPG&Fantasy Mobile GUI/ready_buttons/ready_button_05.png using Guid(6b1242eb816c14376aecafe9ef076be0) Importer(815301076,1909f56bfc062723c751e8b465ee728b)  -> (artifact id: 'c79ac0280c950ed58cfc9b49b0bca86e') in 0.008550 seconds 
========================================================================
Received Import Request.
  Time since last request: 0.000016 seconds.
  path: Assets/OtherAssets/RPG&Fantasy Mobile GUI/ready_buttons/ready_button_11.png
  artifactKey: Guid(952052da8d2086b7f9cb717d0d316953) Importer(815301076,1909f56bfc062723c751e8b465ee728b)
Start importing Assets/OtherAssets/RPG&Fantasy Mobile GUI/ready_buttons/ready_button_11.png using Guid(952052da8d2086b7f9cb717d0d316953) Importer(815301076,1909f56bfc062723c751e8b465ee728b)  -> (artifact id: 'c5a82d8cc17e690bceae5be92991ec26') in 0.008070 seconds 
========================================================================
Received Import Request.
  Time since last request: 0.000015 seconds.
  path: Assets/OtherAssets/RPG&Fantasy Mobile GUI/ready_buttons/ready_button_pressed01.png
  artifactKey: Guid(ef71db913219da44793197b11981c9f4) Importer(815301076,1909f56bfc062723c751e8b465ee728b)
Start importing Assets/OtherAssets/RPG&Fantasy Mobile GUI/ready_buttons/ready_button_pressed01.png using Guid(ef71db913219da44793197b11981c9f4) Importer(815301076,1909f56bfc062723c751e8b465ee728b)  -> (artifact id: 'ccd1ef22737e758160e25001e41cd98a') in 0.009898 seconds 
Editor requested this worker to shutdown with reason: Scaling down because of idle timeout
AssetImportWorker is now disconnected from the server
Process exiting
Exiting without the bug reporter. Application will terminate with return code 0